.2019-01-10 [main]  INFO   cn.com.connext.oms.OmsApplication  Starting OmsApplication on nkgw10nh1408 with PID 9968 (D:\idea_workspace\OMS4Intern-master\target\classes started by Aaron.Peng in D:\idea_workspace\OMS4Intern-master)
.2019-01-10 [main]  INFO   cn.com.connext.oms.OmsApplication  No active profile set, falling back to default profiles: default
.2019-01-10 [main]  INFO   o.s.b.w.s.c.AnnotationConfigServletWebServerApplicationContext  Refreshing org.springframework.boot.web.servlet.context.AnnotationConfigServletWebServerApplicationContext@4c39bec8: startup date [Thu Jan 10 09:11:00 CST 2019]; root of context hierarchy
.2019-01-10 [main]  WARN   tk.mybatis.spring.mapper.ClassPathMapperScanner  No MyBatis mapper was found in '[cn.com.connext.oms]' package. Please check your configuration.
.2019-01-10 [main]  WARN   org.mybatis.spring.mapper.ClassPathMapperScanner  No MyBatis mapper was found in '[cn.com.connext.oms]' package. Please check your configuration.
.2019-01-10 [main]  INFO   o.s.d.r.config.RepositoryConfigurationDelegate  Multiple Spring Data modules found, entering strict repository configuration mode!
.2019-01-10 [main]  INFO   o.s.b.f.a.AutowiredAnnotationBeanPostProcessor  JSR-330 'javax.inject.Inject' annotation found and supported for autowiring
.2019-01-10 [main]  INFO   o.s.c.s.PostProcessorRegistrationDelegate$BeanPostProcessorChecker  Bean 'org.springframework.amqp.rabbit.annotation.RabbitBootstrapConfiguration' of type [org.springframework.amqp.rabbit.annotation.RabbitBootstrapConfiguration$$EnhancerBySpringCGLIB$$cff50aa1] is not eligible for getting processed by all BeanPostProcessors (for example: not eligible for auto-proxying)
.2019-01-10 [main]  INFO   o.s.c.s.PostProcessorRegistrationDelegate$BeanPostProcessorChecker  Bean 'org.springframework.transaction.annotation.ProxyTransactionManagementConfiguration' of type [org.springframework.transaction.annotation.ProxyTransactionManagementConfiguration$$EnhancerBySpringCGLIB$$9894c73] is not eligible for getting processed by all BeanPostProcessors (for example: not eligible for auto-proxying)
.2019-01-10 [main]  INFO   o.s.boot.web.embedded.tomcat.TomcatWebServer  Tomcat initialized with port(s): 11111 (http)
.2019-01-10 [main]  INFO   org.apache.catalina.core.StandardService  Starting service [Tomcat]
.2019-01-10 [main]  INFO   org.apache.catalina.core.StandardEngine  Starting Servlet Engine: Apache Tomcat/8.5.34
.2019-01-10 [localhost-startStop-1]  INFO   org.apache.catalina.core.AprLifecycleListener  The APR based Apache Tomcat Native library which allows optimal performance in production environments was not found on the java.library.path: [C:\Program Files\Java\jdk1.8.0_162\bin;C:\Windows\Sun\Java\bin;C:\Windows\system32;C:\Windows;"C:\ProgramData\Oracle\Java\javapath;";C:\Windows\system32;C:\Windows;C:\Windows\System32\Wbem;C:\Windows\System32\WindowsPowerShell\v1.0\;C:\Program Files\Intel\WiFi\bin\;C:\Program Files\Common Files\Intel\WirelessCommon\;C:\Program Files\Git\cmd;C:\Program Files\MySQL\MySQL Utilities 1.6\;E:\Apache\apache-maven-3.6.0\bin\;"C:\Program Files\Java\jdk1.8.0_162\bin;C:\Program Files\Java\jdk1.8.0_162\jre\bin;";C:\Users\Aaron.peng\AppData\Local\Microsoft\WindowsApps;C:\Users\Aaron.peng\AppData\Local\GitHubDesktop\bin;.]
.2019-01-10 [localhost-startStop-1]  INFO   o.a.c.core.ContainerBase.[Tomcat].[localhost].[/]  Initializing Spring embedded WebApplicationContext
.2019-01-10 [localhost-startStop-1]  INFO   org.springframework.web.context.ContextLoader  Root WebApplicationContext: initialization completed in 6879 ms
.2019-01-10 [localhost-startStop-1]  INFO   o.s.boot.web.servlet.ServletRegistrationBean  Servlet dispatcherServlet mapped to [/]
.2019-01-10 [localhost-startStop-1]  INFO   o.s.boot.web.servlet.ServletRegistrationBean  Servlet statViewServlet mapped to [/druid/*]
.2019-01-10 [localhost-startStop-1]  INFO   o.s.boot.web.servlet.FilterRegistrationBean  Mapping filter: 'characterEncodingFilter' to: [/*]
.2019-01-10 [localhost-startStop-1]  INFO   o.s.boot.web.servlet.FilterRegistrationBean  Mapping filter: 'hiddenHttpMethodFilter' to: [/*]
.2019-01-10 [localhost-startStop-1]  INFO   o.s.boot.web.servlet.FilterRegistrationBean  Mapping filter: 'httpPutFormContentFilter' to: [/*]
.2019-01-10 [localhost-startStop-1]  INFO   o.s.boot.web.servlet.FilterRegistrationBean  Mapping filter: 'requestContextFilter' to: [/*]
.2019-01-10 [localhost-startStop-1]  INFO   o.s.boot.web.servlet.FilterRegistrationBean  Mapping filter: 'webStatFilter' to urls: [/*]
.2019-01-10 [main]  INFO   c.a.d.s.b.a.DruidDataSourceAutoConfigure  Init DruidDataSource
.2019-01-10 [main]  INFO   com.alibaba.druid.pool.DruidDataSource  {dataSource-1} inited
.2019-01-10 [main]  INFO   o.s.w.s.m.m.a.RequestMappingHandlerMapping  Mapped "{[/getAllOrder],methods=[GET]}" onto public cn.com.connext.oms.commons.dto.BaseResult cn.com.connext.oms.web.Controller.TbOrderController.getAllOrder()
.2019-01-10 [main]  INFO   o.s.w.s.m.m.a.RequestMappingHandlerMapping  Mapped "{[/return/returnOrderCancel],methods=[GET]}" onto public cn.com.connext.oms.commons.dto.BaseResult cn.com.connext.oms.web.Controller.TbReturnController.returnOrderCancel(int)
.2019-01-10 [main]  INFO   o.s.w.s.m.m.a.RequestMappingHandlerMapping  Mapped "{[/return/getOrderByOrderId],methods=[GET]}" onto public cn.com.connext.oms.commons.dto.BaseResult cn.com.connext.oms.web.Controller.TbReturnController.getOrderByOrderId(int)
.2019-01-10 [main]  INFO   o.s.w.s.m.m.a.RequestMappingHandlerMapping  Mapped "{[/return/returnOrdersAudit],methods=[GET]}" onto public cn.com.connext.oms.commons.dto.BaseResult cn.com.connext.oms.web.Controller.TbReturnController.returnOrdersAudit(java.util.List<java.lang.Integer>)
.2019-01-10 [main]  INFO   o.s.w.s.m.m.a.RequestMappingHandlerMapping  Mapped "{[/return/checkReturnOrExchange],methods=[GET]}" onto public cn.com.connext.oms.commons.dto.BaseResult cn.com.connext.oms.web.Controller.TbReturnController.checkReturnOrExchange(java.util.List<java.lang.Integer>)
.2019-01-10 [main]  INFO   o.s.w.s.m.m.a.RequestMappingHandlerMapping  Mapped "{[/return/addReturnOrder],methods=[GET]}" onto public cn.com.connext.oms.commons.dto.BaseResult cn.com.connext.oms.web.Controller.TbReturnController.addReturnOrder(int,java.util.List<java.lang.Integer>,java.util.List<java.lang.Integer>)
.2019-01-10 [main]  INFO   o.s.w.s.m.m.a.RequestMappingHandlerMapping  Mapped "{[/test],methods=[GET]}" onto public java.util.Map<java.lang.String, java.lang.Object> cn.com.connext.oms.web.Controller.TestController.test() throws cn.com.connext.oms.commons.utils.HttpClientUtils.exception.HttpProcessException
.2019-01-10 [main]  INFO   o.s.w.s.m.m.a.RequestMappingHandlerMapping  Mapped "{[/swagger-resources/configuration/security]}" onto public org.springframework.http.ResponseEntity<springfox.documentation.swagger.web.SecurityConfiguration> springfox.documentation.swagger.web.ApiResourceController.securityConfiguration()
.2019-01-10 [main]  INFO   o.s.w.s.m.m.a.RequestMappingHandlerMapping  Mapped "{[/swagger-resources/configuration/ui]}" onto public org.springframework.http.ResponseEntity<springfox.documentation.swagger.web.UiConfiguration> springfox.documentation.swagger.web.ApiResourceController.uiConfiguration()
.2019-01-10 [main]  INFO   o.s.w.s.m.m.a.RequestMappingHandlerMapping  Mapped "{[/swagger-resources]}" onto public org.springframework.http.ResponseEntity<java.util.List<springfox.documentation.swagger.web.SwaggerResource>> springfox.documentation.swagger.web.ApiResourceController.swaggerResources()
.2019-01-10 [main]  INFO   o.s.w.s.m.m.a.RequestMappingHandlerMapping  Mapped "{[/error]}" onto public org.springframework.http.ResponseEntity<java.util.Map<java.lang.String, java.lang.Object>> org.springframework.boot.autoconfigure.web.servlet.error.BasicErrorController.error(javax.servlet.http.HttpServletRequest)
.2019-01-10 [main]  INFO   o.s.w.s.m.m.a.RequestMappingHandlerMapping  Mapped "{[/error],produces=[text/html]}" onto public org.springframework.web.servlet.ModelAndView org.springframework.boot.autoconfigure.web.servlet.error.BasicErrorController.errorHtml(javax.servlet.http.HttpServletRequest,javax.servlet.http.HttpServletResponse)
.2019-01-10 [main]  INFO   s.d.s.w.PropertySourcedRequestMappingHandlerMapping  Mapped URL path [/v2/api-docs] onto method [public org.springframework.http.ResponseEntity<springfox.documentation.spring.web.json.Json> springfox.documentation.swagger2.web.Swagger2Controller.getDocumentation(java.lang.String,javax.servlet.http.HttpServletRequest)]
.2019-01-10 [main]  INFO   o.s.web.servlet.handler.SimpleUrlHandlerMapping  Mapped URL path [/**/favicon.ico] onto handler of type [class org.springframework.web.servlet.resource.ResourceHttpRequestHandler]
.2019-01-10 [main]  INFO   o.s.w.s.m.m.a.RequestMappingHandlerAdapter  Looking for @ControllerAdvice: org.springframework.boot.web.servlet.context.AnnotationConfigServletWebServerApplicationContext@4c39bec8: startup date [Thu Jan 10 09:11:00 CST 2019]; root of context hierarchy
.2019-01-10 [main]  INFO   o.s.web.servlet.handler.SimpleUrlHandlerMapping  Mapped URL path [/webjars/**] onto handler of type [class org.springframework.web.servlet.resource.ResourceHttpRequestHandler]
.2019-01-10 [main]  INFO   o.s.web.servlet.handler.SimpleUrlHandlerMapping  Mapped URL path [/**] onto handler of type [class org.springframework.web.servlet.resource.ResourceHttpRequestHandler]
.2019-01-10 [main]  WARN   org.thymeleaf.templatemode.TemplateMode  [THYMELEAF][main] Template Mode 'LEGACYHTML5' is deprecated. Using Template Mode 'HTML' instead.
.2019-01-10 [main]  INFO   o.s.jmx.export.annotation.AnnotationMBeanExporter  Registering beans for JMX exposure on startup
.2019-01-10 [main]  INFO   o.s.jmx.export.annotation.AnnotationMBeanExporter  Bean with name 'statFilter' has been autodetected for JMX exposure
.2019-01-10 [main]  INFO   o.s.jmx.export.annotation.AnnotationMBeanExporter  Bean with name 'dataSource' has been autodetected for JMX exposure
.2019-01-10 [main]  INFO   o.s.jmx.export.annotation.AnnotationMBeanExporter  Bean with name 'rabbitConnectionFactory' has been autodetected for JMX exposure
.2019-01-10 [main]  INFO   o.s.jmx.export.annotation.AnnotationMBeanExporter  Located MBean 'dataSource': registering with JMX server as MBean [com.alibaba.druid.spring.boot.autoconfigure:name=dataSource,type=DruidDataSourceWrapper]
.2019-01-10 [main]  INFO   o.s.jmx.export.annotation.AnnotationMBeanExporter  Located managed bean 'rabbitConnectionFactory': registering with JMX server as MBean [org.springframework.amqp.rabbit.connection:name=rabbitConnectionFactory,type=CachingConnectionFactory]
.2019-01-10 [main]  INFO   o.s.jmx.export.annotation.AnnotationMBeanExporter  Located MBean 'statFilter': registering with JMX server as MBean [com.alibaba.druid.filter.stat:name=statFilter,type=StatFilter]
.2019-01-10 [main]  INFO   o.s.context.support.DefaultLifecycleProcessor  Starting beans in phase 2147483647
.2019-01-10 [main]  INFO   s.d.s.web.plugins.DocumentationPluginsBootstrapper  Context refreshed
.2019-01-10 [main]  INFO   s.d.s.web.plugins.DocumentationPluginsBootstrapper  Found 1 custom documentation plugin(s)
.2019-01-10 [main]  INFO   s.d.spring.web.scanners.ApiListingReferenceScanner  Scanning for api listing references
.2019-01-10 [main]  INFO   o.s.boot.web.embedded.tomcat.TomcatWebServer  Tomcat started on port(s): 11111 (http) with context path ''
.2019-01-10 [main]  INFO   cn.com.connext.oms.OmsApplication  Started OmsApplication in 18.43 seconds (JVM running for 21.257)
